Traceback (most recent call last):
  File "/work/pi_dhruveshpate_umass_edu/project_4/distillation/distillation.py", line 1, in <module>
    from transformers import BertConfig, BertModel, BertTokenizerFast
  File "/home/htse_umass_edu/.conda/envs/project4/lib/python3.9/site-packages/transformers/__init__.py", line 26, in <module>
    from . import dependency_versions_check
  File "/home/htse_umass_edu/.conda/envs/project4/lib/python3.9/site-packages/transformers/dependency_versions_check.py", line 16, in <module>
    from .utils.versions import require_version, require_version_core
  File "/home/htse_umass_edu/.conda/envs/project4/lib/python3.9/site-packages/transformers/utils/__init__.py", line 32, in <module>
    from .generic import (
  File "/home/htse_umass_edu/.conda/envs/project4/lib/python3.9/site-packages/transformers/utils/generic.py", line 27, in <module>
    import numpy as np
  File "/home/htse_umass_edu/.conda/envs/project4/lib/python3.9/site-packages/numpy/__init__.py", line 150, in <module>
    from . import fft
  File "/home/htse_umass_edu/.conda/envs/project4/lib/python3.9/site-packages/numpy/fft/__init__.py", line 203, in <module>
    from . import _pocketfft, helper
  File "<frozen importlib._bootstrap>", line 217, in _lock_unlock_module
  File "<frozen importlib._bootstrap>", line 117, in release
KeyboardInterrupt
Traceback (most recent call last):
  File "/work/pi_dhruveshpate_umass_edu/project_4/distillation/distillation.py", line 1, in <module>
    from transformers import BertConfig, BertModel, BertTokenizerFast
  File "/home/htse_umass_edu/.conda/envs/project4/lib/python3.9/site-packages/transformers/__init__.py", line 26, in <module>
    from . import dependency_versions_check
  File "/home/htse_umass_edu/.conda/envs/project4/lib/python3.9/site-packages/transformers/dependency_versions_check.py", line 57, in <module>
    require_version_core(deps[pkg])
  File "/home/htse_umass_edu/.conda/envs/project4/lib/python3.9/site-packages/transformers/utils/versions.py", line 117, in require_version_core
    return require_version(requirement, hint)
  File "/home/htse_umass_edu/.conda/envs/project4/lib/python3.9/site-packages/transformers/utils/versions.py", line 102, in require_version
    got_ver = importlib.metadata.version(pkg)
  File "/home/htse_umass_edu/.conda/envs/project4/lib/python3.9/importlib/metadata.py", line 569, in version
    return distribution(distribution_name).version
  File "/home/htse_umass_edu/.conda/envs/project4/lib/python3.9/importlib/metadata.py", line 266, in version
    return self.metadata['Version']
  File "/home/htse_umass_edu/.conda/envs/project4/lib/python3.9/importlib/metadata.py", line 261, in metadata
    return email.message_from_string(text)
  File "/home/htse_umass_edu/.conda/envs/project4/lib/python3.9/email/__init__.py", line 38, in message_from_string
    return Parser(*args, **kws).parsestr(s)
  File "/home/htse_umass_edu/.conda/envs/project4/lib/python3.9/email/parser.py", line 67, in parsestr
    return self.parse(StringIO(text), headersonly=headersonly)
  File "/home/htse_umass_edu/.conda/envs/project4/lib/python3.9/email/parser.py", line 56, in parse
    feedparser.feed(data)
  File "/home/htse_umass_edu/.conda/envs/project4/lib/python3.9/email/feedparser.py", line 175, in feed
    self._input.push(data)
  File "/home/htse_umass_edu/.conda/envs/project4/lib/python3.9/email/feedparser.py", line 110, in push
    parts = self._partial.readlines()
KeyboardInterrupt
usage: distillation.py [-h] [--batch_size BATCH_SIZE] [--lr LR]
                       [--epoch EPOCH] [--bert BERT] [--wiki] [--book]
                       [--n_examples N_EXAMPLES] [--exp_name EXP_NAME]
                       max_seq_length
distillation.py: error: unrecognized arguments: /home/htse_umass_edu
Using dataset(s): bookcorpus 
Dataset({
    features: ['text'],
    num_rows: 20000
})
Preprocessed dataset: Dataset({
    features: ['input_ids', 'token_type_ids', 'attention_mask', 'overflow_to_sample_mapping'],
    num_rows: 40661
})
[0.5807870000600814, 0.5725762590765953]
[0.3890863865613937, 0.32464669495820997]
[0.3325149804353714, 0.2722944840788841]
[0.29512489810585973, 0.23785265907645226]
[0.26694865673780444, 0.21204982846975326]
[0.2443156037479639, 0.19164735563099383]
[0.2256213378161192, 0.17517296262085438]
[0.20974177308380604, 0.16157274171710015]
[0.1960128214210272, 0.15012095496058464]
[0.18393535055220128, 0.14026261456310748]
[0.17331607528030873, 0.13178254663944244]
[0.16379493921995164, 0.12432801928371191]
[0.1552614565938711, 0.11775225345045329]
[0.1475511383265257, 0.11188085563480854]
[0.1405228827148676, 0.1065300464630127]
[0.1341442506760359, 0.10173498019576073]
[0.12825814206153155, 0.09732517935335636]
[0.1228945091366768, 0.09331943113356829]
[0.11799275744706392, 0.0896434361115098]
[0.11343771647661924, 0.08623266201466322]
[0.10919133685529232, 0.08303300309926272]
[0.10527668241411448, 0.08009568061679602]
[0.10163922552019358, 0.07732092924416065]
[0.09827402010560035, 0.07474780101329088]
[0.09513718336820602, 0.07232993301004172]
[0.0921903107315302, 0.07005756478756667]
[0.08944964036345482, 0.06793519370257854]
[0.0868646189570427, 0.06588575486093759]
[0.08446862921118736, 0.06399290822446346]
[0.08221518937498332, 0.06218968564644456]
[0.08008498102426528, 0.060480032302439216]
[0.07810286600142717, 0.058864111360162494]
[0.07623242661356926, 0.057315156981348994]
[0.07446464970707893, 0.055847002379596236]
[0.07277820128947496, 0.05445789890363813]
[0.07121049165725708, 0.05312898671254516]
[0.0697148721665144, 0.05185851026326418]
[0.06831101942807435, 0.050641294475644826]
[0.06698264125734568, 0.04949084762483835]
[0.06572281178086996, 0.04838657258078456]
Using dataset(s): bookcorpus 
Dataset({
    features: ['text'],
    num_rows: 20000
})
Preprocessed dataset: Dataset({
    features: ['input_ids', 'token_type_ids', 'attention_mask', 'overflow_to_sample_mapping'],
    num_rows: 40661
})
[0.4121351761263122, 0.35700297402510855]
[0.2550769101523753, 0.19474625175104202]
[0.1995387815829343, 0.14643454256485094]
[0.16470772524674734, 0.11892000023486479]
[0.14020201770014734, 0.10069947778803748]
Using dataset(s): bookcorpus 
Dataset({
    features: ['text'],
    num_rows: 20000
})
Preprocessed dataset: Dataset({
    features: ['input_ids', 'token_type_ids', 'attention_mask', 'overflow_to_sample_mapping'],
    num_rows: 40661
})
[0.41134109080962417, 0.3559135845247305]
[0.2550680640171159, 0.19512636950180964]
[0.19938731793337647, 0.1464912645846793]
[0.16448676867305106, 0.11886826152883985]
[0.13997547497164528, 0.10062480891275706]
[0.12172469093739612, 0.08740533044878042]
[0.10766816809304855, 0.07724259404828714]
[0.0965927667775244, 0.06914569643683403]
[0.0876890464023974, 0.06252428031754943]
[0.08045682531295333, 0.057020273973357]
[0.07449875139402894, 0.05237654926923086]
[0.0695540595729396, 0.04841932579406402]
[0.06541945272178021, 0.04502479336078062]
[0.06193277014876312, 0.042099000077764945]
[0.058989773006559165, 0.03955585057349325]
[0.05648476185288819, 0.03733453135820305]
[0.054353584236693835, 0.035395953218517066]
[0.05251996781466142, 0.033682780480890906]
[0.05094849580676301, 0.03218022735098248]
[0.049602206936984694, 0.03085507446630571]
[0.048419965161654935, 0.029674485360957542]
[0.047408320220573896, 0.028632090631989564]
Using dataset(s): bookcorpus 
Dataset({
    features: ['text'],
    num_rows: 20000
})
Preprocessed dataset: Dataset({
    features: ['input_ids', 'token_type_ids', 'attention_mask', 'overflow_to_sample_mapping'],
    num_rows: 40661
})
[0.4122282862663269, 0.36322630613854845]
[0.25511451243604505, 0.19601075238776658]
[0.19946330007891985, 0.14726717123445474]
[0.16455162714862223, 0.11956252584105018]
[0.1399883895925006, 0.10120789481783812]
[0.12171910000297259, 0.08791204176421435]
[0.1076583668308438, 0.0776959369017643]
[0.09656408541607407, 0.0695538877409959]
[0.0876634750726088, 0.06290222784070848]
[0.08042096285700048, 0.05736193025730691]
[0.07446337191376297, 0.0526976540637841]
[0.06951331698669577, 0.048718712216465725]
[0.06537991377917475, 0.04530035734832662]
[0.06190138268020918, 0.04235611619345797]
[0.05895452081875981, 0.03978799731007912]
[0.0564553161977597, 0.037559010252450245]
[0.05431829107070119, 0.035598495986851504]
[0.052487310092404205, 0.033875732922797684]
[0.05091498288437255, 0.03235838576307837]
[0.049560117904307706, 0.03101696107981715]
[0.04839343739286909, 0.029832203351195505]
[0.04738094278101651, 0.028780260012022354]
[0.04651006885200926, 0.02783823711504726]
[0.045737932500599314, 0.02700317792781869]
[0.0450705182767889, 0.026252713241854554]
[0.04448783346129663, 0.02558505289115996]
[0.043980889701805775, 0.024989038448101318]
[0.043532284433549305, 0.024454138985594863]
[0.04313500108396482, 0.023966251070019585]
[0.04278801618225919, 0.023533605167981964]
[0.04248273058694863, 0.023142716759499513]
[0.042198093736883976, 0.022784952414017054]
[0.04196154682328866, 0.02246821808786887]
[0.04174285131336758, 0.022175232592806127]
[0.041545555346979283, 0.021914136519878166]
[0.04137559949695689, 0.021672595924926253]
[0.04121369057856266, 0.021452154202749894]
[0.041076936085456574, 0.021251302142188233]
[0.040941283575393866, 0.021068259710504574]
[0.04082283715032182, 0.020902212357745982]
Using dataset(s): bookcorpus 
Dataset({
    features: ['text'],
    num_rows: 20000
})
Preprocessed dataset: Dataset({
    features: ['input_ids', 'token_type_ids', 'attention_mask', 'overflow_to_sample_mapping'],
    num_rows: 40661
})
[0.41211310909979, 0.3607292665438082]
[0.2550993672331924, 0.19481244186560312]
[0.1994013787253098, 0.14620836102550136]
[0.16448089630348878, 0.11866609817780789]
[0.13995205962433005, 0.10046253625139501]
[0.1217071921476778, 0.08726056266880636]
[0.10765451342804627, 0.07711949536822876]
[0.09657868077545045, 0.06904162283775941]
[0.08768874266237583, 0.0624421054040486]
[0.08045728743638632, 0.05694747697444832]
[0.07451194651284308, 0.0523132896929417]
[0.06956470186043086, 0.04837850933461069]
[0.0654343029941028, 0.0449951023988004]
[0.06195460831594167, 0.04207472896800851]
[0.05901502440654257, 0.039541319270366394]
[0.05651618931559647, 0.037327155939438056]
[0.05437033492251762, 0.03539483689662046]
[0.05254371590771765, 0.0336915439334493]
[0.05096845375666828, 0.03219524440619181]
[0.04961956990589886, 0.030869422949053957]
[0.04844276913963024, 0.02969256342160252]
[0.047422267660592335, 0.028650390663705533]
[0.0465499313325627, 0.027726382989459817]
[0.045781531213027124, 0.02690108915872919]
[0.0451044924791504, 0.026167119261603686]
[0.04452329677230907, 0.025501589612953318]
[0.04401301934659106, 0.024913765841497564]
[0.04355520183372798, 0.024381451144720772]
[0.043162902008812384, 0.023906468220476835]
[0.04281437509464768, 0.023476588346485822]
[0.04250348532724681, 0.023090453080411227]
[0.042227353549228526, 0.022741074187669363]
[0.04197494676278073, 0.022421770067241206]
[0.0417642833770446, 0.022139215490446902]
[0.041568240631114015, 0.021878405643990205]
[0.04139181095286735, 0.02164367967103637]
[0.04123170652760649, 0.021425039396158554]
[0.041085227738199, 0.02122725861486774]
[0.04095159283599014, 0.021047710107182555]
[0.04083743171309525, 0.020878798978508643]
Total time: 73.85861539840698 seconds.
Using dataset(s): bookcorpus 
Dataset({
    features: ['text'],
    num_rows: 20000
})
Preprocessed dataset: Dataset({
    features: ['input_ids', 'token_type_ids', 'attention_mask', 'overflow_to_sample_mapping'],
    num_rows: 40661
})
[0.4099251288662916, 0.36288945779860393]
[0.2543265621804591, 0.19656248034546212]
[0.19888368951824476, 0.14778998100532675]
[0.16412925129791475, 0.12004740475296224]
[0.13966191583459484, 0.10165551243900503]
[0.12147933118185907, 0.0883358730085241]
[0.10746265591690375, 0.07810714770600481]
[0.09640705955665817, 0.06993230985208128]
[0.0875368559229299, 0.06326529678871047]
[0.08031586534197226, 0.05770860560847528]
[0.07437280026621788, 0.05301107470906755]
[0.0694294368508477, 0.04901410201154415]
[0.06530998288741652, 0.04558048819033605]
[0.06183632432758433, 0.042607878481254635]
[0.058891169750278104, 0.0400226503001444]
[0.056401822434843714, 0.03776755608009093]
[0.05427564317419094, 0.035794982862360075]
[0.05244307510507931, 0.03405464527273328]
[0.050871286072633554, 0.032518836148317506]
[0.04952858472770115, 0.031168165868558223]
[0.048359659623424964, 0.0299634594915423]
[0.04734563082456589, 0.028899988510979795]
[0.04647205254566744, 0.02794644830502429]
[0.04571119306972192, 0.027105831652411125]
[0.045044071316344185, 0.026348056494252488]
[0.04446766202179891, 0.025667149268981046]
[0.04395768004205992, 0.02506401353521542]
[0.04351067388395093, 0.02451834425845611]
[0.04312271666976641, 0.02403582988670037]
[0.042773657882550976, 0.02359140213321215]
[0.04245766156218337, 0.023191053689744487]
[0.04218186374824002, 0.022832316176602675]
[0.04194184198225819, 0.022510646649126737]
[0.041727862432130475, 0.02221533549516081]
[0.04153591253847446, 0.021948703781426326]
[0.04135671255629767, 0.021707261379503604]
[0.04120265216853634, 0.021486372727924172]
[0.04105724891026815, 0.02128312494254337]
[0.04093483301266184, 0.02109819989206281]
[0.04081672676048189, 0.02093021919564256]
Total time: 58.76309275627136 seconds.
/home/htse_umass_edu/.conda/envs/project4/lib/python3.9/site-packages/torch/utils/data/dataloader.py:558: UserWarning: This DataLoader will create 6 worker processes in total. Our suggested max number of worker in current system is 4, which is smaller than what this DataLoader is going to create. Please be aware that excessive worker creation might get DataLoader running slow or even freeze, lower the worker number to avoid potential slowness/freeze if necessary.
  warnings.warn(_create_warning_msg(
/home/htse_umass_edu/.conda/envs/project4/lib/python3.9/site-packages/torch/utils/data/dataloader.py:558: UserWarning: This DataLoader will create 6 worker processes in total. Our suggested max number of worker in current system is 4, which is smaller than what this DataLoader is going to create. Please be aware that excessive worker creation might get DataLoader running slow or even freeze, lower the worker number to avoid potential slowness/freeze if necessary.
  warnings.warn(_create_warning_msg(
Using dataset(s): bookcorpus 
Dataset({
    features: ['text'],
    num_rows: 20000
})
Preprocessed dataset: Dataset({
    features: ['input_ids', 'token_type_ids', 'attention_mask', 'overflow_to_sample_mapping'],
    num_rows: 40661
})
[0.41555932857705363, 0.35849197799304744]
[0.2559958692616637, 0.1953546535106575]
[0.20016807730092942, 0.14669918226745893]
[0.16521569158671037, 0.11909384247641894]
[0.14064485546927782, 0.10084366357926303]
[0.12233841020918493, 0.0876141627723316]
[0.10823781919554344, 0.07745598739235655]
[0.09709792827847619, 0.06935500145052215]
[0.0881477341337024, 0.06273295301592575]
[0.08086293167288199, 0.05721581403939229]
[0.07486599505697407, 0.05256287826213447]
[0.06987534763303192, 0.048600020179958466]
[0.06571248717278054, 0.04519820028224831]
[0.06220176338024859, 0.042254840217109]
[0.05923114110182666, 0.039706372591497015]
[0.05669929930623972, 0.03747389702208387]
[0.05454461599858302, 0.03552390550667385]
[0.05269043880907245, 0.03381013020919929]
[0.05109605917109633, 0.03229505588657826]
[0.04972283764736458, 0.030957332103507325]
[0.048545769035066445, 0.02977416529642336]
[0.047516084598295344, 0.028726551166308]
[0.04662242491946281, 0.02779197076675277]
[0.04584922104980211, 0.026956316798269375]
[0.045167207413312024, 0.026211379915944435]
[0.044571240836719296, 0.025548610965129715]
[0.04405528243701413, 0.024952268040498847]
[0.04359656380220029, 0.02441833121409206]
[0.04320101737507484, 0.02393983776604979]
[0.04284133790236599, 0.0235093955606597]
[0.04252319949321777, 0.02311689556582169]
[0.04225113912948272, 0.022765110006684776]
[0.04199721083138724, 0.022444120450121053]
[0.0417830302093014, 0.02215741121403451]
[0.04157902183210325, 0.02189137231347696]
[0.04140366243678819, 0.021656098886855744]
[0.041242004190600895, 0.021435189031579958]
[0.041094208921089115, 0.021237894740400824]
[0.040963403271429194, 0.021058606499302312]
[0.04085052491358991, 0.020890657913010074]
Total time: 65.1180968284607 seconds.
Using dataset(s): bookcorpus 
Dataset({
    features: ['text'],
    num_rows: 20000
})
Preprocessed dataset: Dataset({
    features: ['input_ids', 'token_type_ids', 'attention_mask', 'overflow_to_sample_mapping'],
    num_rows: 40661
})
[0.40801159915684154, 0.35560854650893303]
[0.25375248604225664, 0.19461971671326356]
[0.1983418587431218, 0.14596140394045873]
[0.16357188910808204, 0.11840702115364794]
[0.1391313486504105, 0.10021368390734091]
[0.12095497262740285, 0.08704210911531868]
[0.10698731224866784, 0.07694422149058408]
[0.09596127332568918, 0.06887762239144284]
[0.08712921628974518, 0.06229882277314018]
[0.0799551285662741, 0.05682401359081268]
[0.07405711696395334, 0.052209875845121885]
[0.06916067369703977, 0.04827873985160072]
[0.06506842199080395, 0.04490432911698923]
[0.06161926682077864, 0.04199063075038622]
[0.05871901176166984, 0.03946843323936253]
[0.05624253984610989, 0.03725164475024871]
[0.0541300745739502, 0.035323779420845164]
[0.05232267646388438, 0.033624531841784155]
[0.05077576503719924, 0.03212738554901297]
[0.04944143554418342, 0.03081098181318562]
[0.04828460263849804, 0.02963782939474163]
[0.04728254382996439, 0.028600627486154717]
[0.046419751367666434, 0.027683963987437433]
[0.04566505408418253, 0.026857302541721542]
[0.04501151769134983, 0.026125227587309275]
[0.044427020276117626, 0.02546829474890757]
[0.04393379284806971, 0.024880262185473862]
[0.043481610855966246, 0.024353514361025404]
[0.043092190305579384, 0.023880818155857752]
[0.04275092187355149, 0.02344922164935361]
[0.04244643824655305, 0.023068336887085962]
[0.04217098575999152, 0.022720803231375774]
[0.04193488321026916, 0.02240766335349038]
[0.04171441860918729, 0.022121822192046628]
[0.04152513138434422, 0.021866458192842563]
[0.04135762368264438, 0.0216306671500206]
[0.041199234601274226, 0.02141205961786726]
[0.04106515383570449, 0.021221217869212793]
[0.04093262295490541, 0.0210419366569639]
[0.040810479144067886, 0.020873290633068146]
Total time: 55.31489634513855 seconds.
Using dataset(s): bookcorpus 
Dataset({
    features: ['text'],
    num_rows: 20000
})
Preprocessed dataset: Dataset({
    features: ['input_ids', 'token_type_ids', 'attention_mask', 'overflow_to_sample_mapping'],
    num_rows: 40661
})
[0.4080077702144407, 0.35476020287792637]
[0.2541852539065499, 0.19438159634482186]
[0.19880745152257523, 0.14579547604299942]
[0.16402379465552996, 0.11829145360480314]
[0.13956404064998687, 0.10013099722329925]
[0.1213574064134052, 0.08696761254057195]
[0.10734072191722738, 0.07685403352451024]
[0.09628728959920271, 0.06879342417671995]
[0.0874084749686643, 0.06219828133500597]
[0.0801982488366043, 0.056716714077775586]
[0.07426296802436781, 0.052098431770906506]
[0.0693391443892095, 0.048168287618355184]
[0.06522398788786535, 0.04479868496832608]
[0.06176284374962063, 0.04188321444129794]
[0.05883788746201767, 0.039362637970432546]
[0.05634983029193098, 0.03715669286419761]
[0.05421841547549146, 0.035226300147906786]
[0.05240678292869022, 0.03353645882141665]
[0.05084217709940184, 0.03204279306268542]
[0.04949815962580765, 0.03073032465089792]
[0.04833848865808181, 0.02956780894372448]
[0.04733797272889869, 0.02853409861618618]
[0.046456647134801875, 0.02761331092823976]
[0.045701028837722805, 0.026798518620572]
[0.04504040096822025, 0.02606882243973654]
[0.04445974235920786, 0.025415806392641186]
[0.043956267196427354, 0.024829483374297245]
[0.04350518856970769, 0.024309837909520796]
[0.043110628360472386, 0.02383607104654957]
[0.04276760613674638, 0.023411058135471254]
[0.04245765380701929, 0.02303028977095331]
[0.042183053287320166, 0.02268501541009114]
[0.04194973017903244, 0.022374054065571643]
[0.04172716659944762, 0.022090942733598955]
[0.04154211987958015, 0.021834384685136238]
[0.04136631248881982, 0.021600521011453756]
[0.04120424221146782, 0.021390789850327954]
[0.0410672257765659, 0.02119330368326895]
[0.040937317781290915, 0.02101680322450662]
[0.04081992441846889, 0.020857044068053835]
Total time: 56.42334342002869 seconds.
Using dataset(s): bookcorpus 
Dataset({
    features: ['text'],
    num_rows: 20000
})
Preprocessed dataset: Dataset({
    features: ['input_ids', 'token_type_ids', 'attention_mask', 'overflow_to_sample_mapping'],
    num_rows: 40661
})
[0.4117571419140078, 0.35959341569141773]
[0.25515752730879393, 0.19517113137170203]
[0.19974292805359797, 0.14663215309568922]
[0.16488763446328025, 0.11902823889592909]
[0.14035027680344553, 0.10077641421706422]
[0.12206492155977765, 0.08755177751464664]
[0.10796558304027941, 0.07738171592823365]
[0.09684949658764233, 0.06928452633836735]
[0.08792306829548482, 0.06266626586797852]
[0.08065662153486935, 0.05715734612360691]
[0.07467031235215049, 0.05251656699949091]
[0.06970114813848112, 0.0485579898850348]
[0.0655615247973481, 0.04516776564454882]
[0.062064941058743675, 0.04223531376828188]
[0.0590950367070219, 0.039685963319157656]
[0.05657974616536554, 0.03746052662718971]
[0.054433409382337296, 0.03551140113634133]
[0.0525898278087565, 0.033801178535762824]
[0.051015898655608016, 0.032297053427066444]
[0.04964971849284832, 0.030959439551774062]
[0.04847379722310312, 0.029779480945951533]
[0.04746006098839472, 0.028728678635081405]
[0.046573911143361395, 0.027791389516033466]
[0.04579847680885087, 0.026962039699344516]
[0.045125388147883444, 0.026216869752080936]
[0.044535546557708354, 0.025556042930989894]
[0.044021144368738496, 0.02495429702337433]
[0.04357048325568625, 0.024422187369855696]
[0.043163283417622246, 0.023941026977116957]
[0.04281797276446654, 0.023511080727356037]
[0.04250842560106104, 0.023118548856684996]
[0.042230949672700475, 0.022765702796432207]
[0.041982595720943414, 0.022448676819883804]
[0.04176917025503123, 0.02216025286078828]
[0.04156901068844885, 0.02189329319264529]
[0.04139162883537371, 0.021656728390627687]
[0.041231647368122196, 0.021441387399187627]
[0.041089002043008804, 0.021238774752373214]
[0.040958789979699275, 0.02105562189746203]
[0.04083870501263336, 0.020891322069010645]
Total time: 58.14601945877075 seconds.
/home/htse_umass_edu/.conda/envs/project4/lib/python3.9/site-packages/torch/utils/data/dataloader.py:558: UserWarning: This DataLoader will create 10 worker processes in total. Our suggested max number of worker in current system is 4, which is smaller than what this DataLoader is going to create. Please be aware that excessive worker creation might get DataLoader running slow or even freeze, lower the worker number to avoid potential slowness/freeze if necessary.
  warnings.warn(_create_warning_msg(
/home/htse_umass_edu/.conda/envs/project4/lib/python3.9/site-packages/torch/utils/data/dataloader.py:558: UserWarning: This DataLoader will create 10 worker processes in total. Our suggested max number of worker in current system is 4, which is smaller than what this DataLoader is going to create. Please be aware that excessive worker creation might get DataLoader running slow or even freeze, lower the worker number to avoid potential slowness/freeze if necessary.
  warnings.warn(_create_warning_msg(
Using dataset(s): bookcorpus 
Dataset({
    features: ['text'],
    num_rows: 20000
})
Preprocessed dataset: Dataset({
    features: ['input_ids', 'token_type_ids', 'attention_mask', 'overflow_to_sample_mapping'],
    num_rows: 40661
})
[0.4116061073054308, 0.35900946476924345]
[0.2546832137887583, 0.19502305234753112]
[0.19904513722695644, 0.1466269312227297]
[0.1641878106121747, 0.11909594757002105]
[0.1396783952068233, 0.10085678550432313]
[0.12147415246603624, 0.08763508222200586]
[0.10745131257195142, 0.07747360000257972]
[0.09639814430437747, 0.06937045093227483]
[0.08752679590534114, 0.06274413099547602]
[0.08031023340592594, 0.05723023564560608]
[0.0743704966779025, 0.05257884748045753]
[0.06944895559136972, 0.04861766770013473]
[0.06532213462036361, 0.04521737252391359]
[0.061849925339034516, 0.04227361457902681]
[0.05892030719035077, 0.039723615484230174]
[0.056423240065949516, 0.03749453623152379]
[0.05429572972861476, 0.03554007893650787]
[0.052469598422260406, 0.03381906547027189]
[0.05090391111074004, 0.03231349605012615]
[0.049551645703848055, 0.030978717109036144]
[0.04838882299995272, 0.02978956861034879]
[0.04737503969538137, 0.028741867908235616]
[0.04650158540539022, 0.027807139328815653]
[0.0457404854724992, 0.026970673317335686]
[0.045074285365313105, 0.026224931467722798]
[0.04448485718864315, 0.025560565632562968]
[0.04398362582209725, 0.02496709624223364]
[0.04353193355337629, 0.024428124849994976]
[0.04314288239246644, 0.023947860319284524]
[0.04278883815936323, 0.023514755445081484]
[0.04247988584750104, 0.023126197920280433]
[0.042212300119722414, 0.02277257834684174]
[0.04196698860552326, 0.022452930000218207]
[0.04174760916510468, 0.02216025692580631]
[0.041548559032146284, 0.02189850651383775]
[0.0413734255674875, 0.02166286401403775]
[0.041221187502708076, 0.021445193497827218]
[0.04107687231036102, 0.021246198014174617]
[0.040951739082921226, 0.02106185362867589]
[0.040831294730774265, 0.02089411533384953]
Total time: 71.44253039360046 seconds.
Using dataset(s): bookcorpus 
Dataset({
    features: ['text'],
    num_rows: 20000
})
Preprocessed dataset: Dataset({
    features: ['input_ids', 'token_type_ids', 'attention_mask', 'overflow_to_sample_mapping'],
    num_rows: 40661
})
[0.5766656033694744, 0.5712632514536381]
[0.38736867532134056, 0.32366407066583636]
[0.33201835229992865, 0.27135406881570817]
[0.29513404667377474, 0.2372065916657448]
[0.26708809956908225, 0.21147787235677243]
[0.2446432553231716, 0.191262236982584]
[0.2260268483310938, 0.17486478723585605]
[0.2101536516100168, 0.16130825504660606]
[0.19649690762162209, 0.14994305670261382]
[0.1844369150698185, 0.14011427983641625]
[0.17379695884883403, 0.13161791320890187]
[0.16432705596089364, 0.12423243653029203]
[0.15572994835674764, 0.1175965478643775]
[0.14805449917912483, 0.11175626236945391]
[0.14099166728556156, 0.10642196256667376]
[0.13461696729063988, 0.10162817183881998]
[0.12874441221356392, 0.09724497124552726]
[0.12336558848619461, 0.09323893766850233]
[0.1184308499097824, 0.08953402899205684]
[0.11384196523576975, 0.08610288426280022]
[0.1096329903230071, 0.08297486696392298]
[0.10569323636591435, 0.08001804389059544]
[0.10205773003399372, 0.07727125305682421]
[0.09866616893559695, 0.0746825335547328]
[0.09553717821836472, 0.07229005116969348]
[0.09256255179643631, 0.07000507749617099]
[0.0897924143821001, 0.06786750387400389]
[0.0872149582952261, 0.06583914142102003]
[0.08479372803121805, 0.06393453599885106]
[0.082524218223989, 0.062133634462952614]
[0.08039784915745259, 0.06042505847290158]
[0.0783839413896203, 0.05881495233625174]
[0.07647761944681405, 0.057250960264354944]
[0.07469727639108896, 0.05579897500574589]
[0.07303748745471239, 0.054408376850187776]
[0.07142106294631959, 0.053070320282131433]
[0.06995528284460306, 0.05181826949119568]
[0.06855519507080317, 0.050630202144384386]
[0.0672091307118535, 0.0494768550619483]
[0.0659359011799097, 0.04835863076150417]
Total time: 37.51366662979126 seconds.
Using dataset(s): bookcorpus 
Dataset({
    features: ['text'],
    num_rows: 20000
})
Preprocessed dataset: Dataset({
    features: ['input_ids', 'token_type_ids', 'attention_mask', 'overflow_to_sample_mapping'],
    num_rows: 40661
})
[0.5746347554028034, 0.5805892914533615]
[0.3873215697705746, 0.3261991947889328]
[0.331595741212368, 0.27319264188408854]
[0.29460002332925794, 0.2385066468268633]
[0.26664374247193334, 0.21262497529387475]
[0.24418331012129785, 0.19224218428134918]
[0.22551740184426308, 0.17573340013623237]
[0.20969466753304006, 0.16208820082247258]
[0.19599465131759644, 0.15061900578439236]
[0.18399435877799988, 0.14080946817994117]
[0.17334828972816468, 0.13229439556598663]
[0.16386802606284617, 0.12485995031893253]
[0.15530424192547798, 0.11823465526103974]
[0.14759713411331177, 0.11231339648365975]
[0.14058975651860237, 0.10700690187513828]
[0.13418761864304543, 0.10218156315386295]
[0.12831621561199427, 0.09776735901832581]
[0.12300062850117684, 0.09378881957381964]
[0.11803596708923578, 0.0900642029941082]
[0.11349189914762974, 0.08664349988102912]
[0.10928784124553204, 0.08348114807158709]
[0.10538946017622948, 0.08051681537181139]
[0.10174347385764122, 0.07774144541472197]
[0.09835920426994563, 0.07514659110456705]
[0.09518655631691217, 0.07270819712430239]
[0.09225049559026957, 0.07043625731021166]
[0.08950288332998753, 0.06827991437166929]
[0.08692633211612702, 0.06626034434884787]
[0.08452112507075071, 0.06434151763096452]
[0.08226523734629154, 0.06253372114151716]
[0.08013631906360388, 0.060816730931401254]
[0.0781303446739912, 0.05917666153982282]
[0.07625973559916019, 0.05762301776558161]
[0.07449706289917231, 0.05616807136684656]
[0.07282498218119145, 0.05476294085383415]
[0.07125879321247339, 0.05342836109921336]
[0.06976220812648534, 0.05213907789438963]
[0.0683453518897295, 0.05092536211013794]
[0.06703152637928725, 0.04976622238755226]
[0.06574673857539892, 0.04864457678049803]
Total time: 34.98787021636963 seconds.
/home/htse_umass_edu/.conda/envs/project4/lib/python3.9/site-packages/torch/utils/data/dataloader.py:558: UserWarning: This DataLoader will create 8 worker processes in total. Our suggested max number of worker in current system is 4, which is smaller than what this DataLoader is going to create. Please be aware that excessive worker creation might get DataLoader running slow or even freeze, lower the worker number to avoid potential slowness/freeze if necessary.
  warnings.warn(_create_warning_msg(
/home/htse_umass_edu/.conda/envs/project4/lib/python3.9/site-packages/torch/utils/data/dataloader.py:558: UserWarning: This DataLoader will create 8 worker processes in total. Our suggested max number of worker in current system is 4, which is smaller than what this DataLoader is going to create. Please be aware that excessive worker creation might get DataLoader running slow or even freeze, lower the worker number to avoid potential slowness/freeze if necessary.
  warnings.warn(_create_warning_msg(
Using dataset(s): bookcorpus 
Dataset({
    features: ['text'],
    num_rows: 20000
})
Preprocessed dataset: Dataset({
    features: ['input_ids', 'token_type_ids', 'attention_mask', 'overflow_to_sample_mapping'],
    num_rows: 40661
})
[0.5878634355962277, 0.5726954489946365]
[0.3886550985276699, 0.32403242215514183]
[0.33277006447315216, 0.2715164594352245]
[0.29566417038440707, 0.23713147677481175]
[0.26765619665384294, 0.21135267689824105]
[0.2452549993991852, 0.19110095277428626]
[0.2265662271529436, 0.17466418333351613]
[0.2106900427490473, 0.1610474992543459]
[0.1969463400542736, 0.1496046096086502]
[0.18493855968117714, 0.13983116447925567]
[0.1742641355842352, 0.13137010522186757]
[0.16481196843087673, 0.12396627888083459]
[0.1562653474509716, 0.11737084053456784]
[0.14852667264640332, 0.11149465162307023]
[0.14151000007987022, 0.10619680993258954]
[0.13512776046991348, 0.10141413081437349]
[0.12928945384919643, 0.09704613126814365]
[0.12387765794992447, 0.09302207212895156]
[0.11895764544606209, 0.08936530351638794]
[0.11439457423985004, 0.08594807665795087]
[0.1101680202409625, 0.08279336486011743]
[0.10623834710568189, 0.07984373290091754]
[0.10259897392243147, 0.0770976496860385]
[0.09920788370072842, 0.0745155654847622]
[0.09603579100221396, 0.07210701126605272]
[0.09308040291070938, 0.06983639728277921]
[0.09035067595541477, 0.06772074941545725]
[0.0877474818378687, 0.0657021390274167]
[0.0853345587849617, 0.06379849473014473]
[0.08304437752813101, 0.061995893530547616]
[0.0809141755104065, 0.06027969932183623]
[0.07890973202884197, 0.05867247162386775]
[0.0770080430433154, 0.057145675737410785]
[0.07521223649382591, 0.05566729847341776]
[0.07355271130800248, 0.054290928319096564]
[0.07194831259548665, 0.052955580223351714]
[0.07044963296502829, 0.05169426202774048]
[0.06902591437101364, 0.050501407217234374]
[0.06768762283027172, 0.04934457428753376]
[0.066414525359869, 0.04825308322906494]
Total time: 43.476566791534424 seconds.
Using dataset(s): bookcorpus 
Dataset({
    features: ['text'],
    num_rows: 20000
})
Preprocessed dataset: Dataset({
    features: ['input_ids', 'token_type_ids', 'attention_mask', 'overflow_to_sample_mapping'],
    num_rows: 40661
})
[0.6836792021989823, 0.7395052745938301]
[0.4637280270457268, 0.4084890276193619]
[0.40242941230535506, 0.3406416788697243]
[0.36592828631401064, 0.305834923684597]
[0.33869870752096176, 0.2805575460195541]
[0.31671296507120134, 0.26017227694392203]
[0.2981309100985527, 0.24298716336488724]
[0.28213351517915725, 0.22821513637900354]
[0.26802499294281007, 0.2152899272739887]
[0.2554231844842434, 0.2038135290145874]
[0.24413574412465094, 0.19368182495236397]
[0.23386734127998351, 0.18456373736262321]
[0.2244833752512932, 0.1763486884534359]
[0.2158264361321926, 0.1688693419098854]
[0.207875607162714, 0.16209641322493554]
[0.20047150030732155, 0.15586629882454872]
[0.19359553083777428, 0.15015903487801552]
[0.18718213587999344, 0.14489516019821166]
[0.18113871812820434, 0.13998228013515474]
[0.17549245804548264, 0.13544083312153815]
[0.17019860446453094, 0.1312437504529953]
[0.16518396139144897, 0.12725852467119694]
[0.16045096889138222, 0.12355609610676765]
[0.15597618073225022, 0.12006966173648834]
[0.15173489823937417, 0.11678380407392978]
[0.1477098897099495, 0.1136952854692936]
[0.1439019039273262, 0.11076424047350883]
[0.1402612566947937, 0.10796698853373528]
[0.13680896237492562, 0.10534277334809303]
[0.1335119515657425, 0.10282637365162373]
[0.1303710237145424, 0.10044462196528911]
[0.12736671566963195, 0.09817343391478062]
[0.12450401671230793, 0.09600349888205528]
[0.12176976762712002, 0.09391679242253304]
[0.11913496740162373, 0.09191854037344456]
[0.11661717593669892, 0.08999884873628616]
[0.11421265751123429, 0.08817454725503922]
[0.1119019329547882, 0.08641254268586636]
[0.1096949778497219, 0.08472917154431343]
[0.10755552239716053, 0.08309886120259762]
Total time: 39.686041831970215 seconds.
Using dataset(s): bookcorpus 
Dataset({
    features: ['text'],
    num_rows: 20000
})
Preprocessed dataset: Dataset({
    features: ['input_ids', 'token_type_ids', 'attention_mask', 'overflow_to_sample_mapping'],
    num_rows: 40661
})
[0.699118509888649, 0.7305331498384475]
[0.46854220479726794, 0.40530251562595365]
[0.4059787705540657, 0.34046901017427444]
[0.3692145004868507, 0.3058828547596931]
[0.34179101437330245, 0.28055201917886735]
[0.3196181610226631, 0.2601157739758492]
[0.30094518810510634, 0.2429039865732193]
[0.2847932934761047, 0.22808702811598777]
[0.2706421881914139, 0.2151636429131031]
[0.25798858106136324, 0.20371583849191666]
[0.2466133266687393, 0.1935275323688984]
[0.23629406690597535, 0.184413942694664]
[0.22685400918126106, 0.17618311643600465]
[0.21819088608026505, 0.16871793568134308]
[0.21018851548433304, 0.16192705556750298]
[0.20274415835738183, 0.15570200607180595]
[0.19582994654774666, 0.14997419714927673]
[0.1893540747463703, 0.14467815309762955]
[0.18329544737935066, 0.13979889824986458]
[0.17761237174272537, 0.13526057600975036]
[0.17226101085543633, 0.13102268129587175]
[0.16721336916089058, 0.12706600688397884]
[0.1624723717570305, 0.12337190322577954]
[0.15794388428330422, 0.11986077092587948]
[0.15364908501505853, 0.1165757928043604]
[0.14960990399122237, 0.11347665712237358]
[0.14576868265867232, 0.11056178510189056]
[0.14206531569361686, 0.10774984918534755]
[0.1385866992175579, 0.10513757392764092]
[0.13524778038263321, 0.10261745974421502]
[0.13205152675509452, 0.10021022260189057]
[0.12903584763407708, 0.09795168526470661]
[0.12613974548876286, 0.09577511958777904]
[0.12335118763148785, 0.09369205906987191]
[0.12068732418119907, 0.09170627929270267]
[0.11814149878919125, 0.08978009633719922]
[0.11572572402656078, 0.08797165937721729]
[0.11336358785629272, 0.0862004168331623]
[0.11112349964678288, 0.08450621739029884]
[0.10893377028405667, 0.08286660425364971]
Total time: 36.75638437271118 seconds.
/home/htse_umass_edu/.conda/envs/project4/lib/python3.9/site-packages/torch/utils/data/dataloader.py:558: UserWarning: This DataLoader will create 6 worker processes in total. Our suggested max number of worker in current system is 4, which is smaller than what this DataLoader is going to create. Please be aware that excessive worker creation might get DataLoader running slow or even freeze, lower the worker number to avoid potential slowness/freeze if necessary.
  warnings.warn(_create_warning_msg(
/home/htse_umass_edu/.conda/envs/project4/lib/python3.9/site-packages/torch/utils/data/dataloader.py:558: UserWarning: This DataLoader will create 6 worker processes in total. Our suggested max number of worker in current system is 4, which is smaller than what this DataLoader is going to create. Please be aware that excessive worker creation might get DataLoader running slow or even freeze, lower the worker number to avoid potential slowness/freeze if necessary.
  warnings.warn(_create_warning_msg(
Using dataset(s): bookcorpus 
Dataset({
    features: ['text'],
    num_rows: 20000
})
Preprocessed dataset: Dataset({
    features: ['input_ids', 'token_type_ids', 'attention_mask', 'overflow_to_sample_mapping'],
    num_rows: 40661
})
[0.6917014062404633, 0.735465581715107]
[0.4660398691892624, 0.40854947715997697]
[0.4031826838850975, 0.3410404145717621]
[0.3663522332906723, 0.3057758644223213]
[0.33919771015644073, 0.28020123690366744]
[0.3172934353351593, 0.2597104549407959]
[0.29884338229894636, 0.24249557107686998]
[0.2828983426094055, 0.22768485322594642]
[0.2688318625092506, 0.2147199809551239]
[0.2563396193087101, 0.20331266075372695]
[0.2450614280998707, 0.19314959943294524]
[0.2348380796611309, 0.18405694290995597]
[0.2254745438694954, 0.17582665830850602]
[0.216871690005064, 0.1683836191892624]
[0.20893833488225938, 0.1616085536777973]
[0.2015904039144516, 0.1554216831922531]
[0.19470151662826538, 0.1496860146522522]
[0.18831515982747077, 0.14444242864847184]
[0.18229880556464195, 0.1395561285316944]
[0.17666636481881143, 0.135030697286129]
[0.17136494517326356, 0.13081348761916162]
[0.16637108400464057, 0.12687481455504895]
[0.16163743436336517, 0.12317317575216294]
[0.15718207284808158, 0.11970287188887596]
[0.152938324958086, 0.11643346101045608]
[0.1489013560116291, 0.11332770884037018]
[0.1451019085943699, 0.1104233741760254]
[0.14144690260291098, 0.10764272511005402]
[0.13798967897891998, 0.10501003637909889]
[0.13468776494264603, 0.1025132730603218]
[0.13154184222221374, 0.100137834623456]
[0.12851335257291793, 0.09785252921283245]
[0.12563716992735863, 0.09568437114357949]
[0.12289429642260075, 0.09362190105021]
[0.1202661581337452, 0.09164060913026333]
[0.11774633824825287, 0.08974184319376946]
[0.11531370170414448, 0.08790966272354125]
[0.11299433894455432, 0.08615792915225029]
[0.11074893958866597, 0.084453309699893]
[0.10860868655145169, 0.08283261246979237]
Total time: 39.98795008659363 seconds.
Using dataset(s): bookcorpus 
Dataset({
    features: ['text'],
    num_rows: 20000
})
Preprocessed dataset: Dataset({
    features: ['input_ids', 'token_type_ids', 'attention_mask', 'overflow_to_sample_mapping'],
    num_rows: 40661
})
[0.819689279794693, 0.9115668773651123]
[0.5892352044582367, 0.5627073138952255]
[0.4932218462228775, 0.4333407014608383]
[0.44572805762290957, 0.380154213309288]
[0.41561689376831057, 0.3501615673303604]
[0.392945796251297, 0.3289752542972565]
[0.37443209886550904, 0.31210967898368835]
[0.3586481362581253, 0.29772132635116577]
[0.3448032557964325, 0.28515072762966154]
[0.33243282437324523, 0.27391302585601807]
[0.3212424755096436, 0.26373406052589415]
[0.31101256906986235, 0.2544075191020966]
[0.30160572826862336, 0.2458515241742134]
[0.29286551773548125, 0.23788603842258454]
[0.28473704755306245, 0.23048484176397324]
[0.277133971452713, 0.22358577102422714]
[0.26999969482421876, 0.21712142527103423]
[0.26329403817653657, 0.2110578790307045]
[0.256935378909111, 0.20534656196832657]
[0.2509208649396896, 0.199963515996933]
[0.24520228058099747, 0.1948767587542534]
[0.23976580798625946, 0.19007024317979812]
[0.234609691798687, 0.1855269819498062]
[0.2296331524848938, 0.18117631375789642]
[0.22490958422422408, 0.17707153111696244]
[0.22039068937301637, 0.1731667086482048]
[0.21602102369070053, 0.16941579729318618]
[0.21186273843050002, 0.16586487144231796]
[0.20784833729267121, 0.16246906965970992]
[0.20399379581212998, 0.15921743661165239]
[0.2002750664949417, 0.15610212385654448]
[0.19669758081436156, 0.1531212568283081]
[0.19324080497026444, 0.1502533420920372]
[0.18988639563322068, 0.14750129133462905]
[0.18667858392000197, 0.14486652761697769]
[0.1835701733827591, 0.14232455790042878]
[0.18055736422538757, 0.1398909255862236]
[0.1776244580745697, 0.13752054572105407]
[0.17480946183204651, 0.1352613627910614]
[0.17206191122531891, 0.13305703699588775]
Total time: 42.19713497161865 seconds.
Using dataset(s): bookcorpus 
Dataset({
    features: ['text'],
    num_rows: 20000
})
Preprocessed dataset: Dataset({
    features: ['input_ids', 'token_type_ids', 'attention_mask', 'overflow_to_sample_mapping'],
    num_rows: 40661
})
[0.8061892628669739, 0.8895243048667908]
[0.5834930956363678, 0.5562633633613586]
[0.4901518613100052, 0.4313250005245209]
[0.4440523684024811, 0.37822780907154085]
[0.4146058768033981, 0.34816282987594604]
[0.3921718209981918, 0.32675634026527406]
[0.373702397942543, 0.30963993072509766]
[0.3578757971525192, 0.2952423691749573]
[0.3439622849225998, 0.2826361984014511]
[0.33153714835643766, 0.2713989675045013]
[0.3203245311975479, 0.2612131118774414]
[0.3100667417049408, 0.25188781023025514]
[0.30063912868499754, 0.24331570714712142]
[0.29191614985466, 0.23538358509540558]
[0.283772748708725, 0.22796911299228667]
[0.2761441171169281, 0.22107260078191757]
[0.26902804970741273, 0.2146254375576973]
[0.26232066452503205, 0.20859631448984145]
[0.25595409870147706, 0.20289862006902695]
[0.24995028972625732, 0.19755091220140458]
[0.24422904700040818, 0.19248610734939575]
[0.23878072649240495, 0.18769339174032212]
[0.2336268737912178, 0.18317746073007585]
[0.2286873057484627, 0.17889091074466706]
[0.2239586144685745, 0.17480100691318512]
[0.21941407322883605, 0.17091426700353624]
[0.21507281064987183, 0.1672101467847824]
[0.21091127395629883, 0.1637055143713951]
[0.2069296658039093, 0.1603515088558197]
[0.20308203846216202, 0.15713742822408677]
[0.19935754239559172, 0.15404945611953735]
[0.19578373283147812, 0.15109495222568511]
[0.1923406630754471, 0.14828207194805146]
[0.1890115976333618, 0.14556602537631988]
[0.185782989859581, 0.14295010268688202]
[0.1826741576194763, 0.14044397622346877]
[0.17966634929180145, 0.1380225569009781]
[0.17676325887441635, 0.13570223599672318]
[0.17392936646938323, 0.13345837742090225]
[0.17120800018310547, 0.13130819499492646]
Total time: 41.665716886520386 seconds.
Traceback (most recent call last):
  File "/work/pi_dhruveshpate_umass_edu/project_4/distillation/distillation.py", line 1, in <module>
    from transformers import BertConfig, BertModel, BertTokenizerFast
  File "/home/htse_umass_edu/.conda/envs/project4/lib/python3.9/site-packages/transformers/__init__.py", line 26, in <module>
    from . import dependency_versions_check
  File "/home/htse_umass_edu/.conda/envs/project4/lib/python3.9/site-packages/transformers/dependency_versions_check.py", line 16, in <module>
    from .utils.versions import require_version, require_version_core
  File "/home/htse_umass_edu/.conda/envs/project4/lib/python3.9/site-packages/transformers/utils/__init__.py", line 32, in <module>
    from .generic import (
  File "/home/htse_umass_edu/.conda/envs/project4/lib/python3.9/site-packages/transformers/utils/generic.py", line 432, in <module>
    import torch.utils._pytree as _torch_pytree
  File "/home/htse_umass_edu/.conda/envs/project4/lib/python3.9/site-packages/torch/__init__.py", line 237, in <module>
    from torch._C import *  # noqa: F403
KeyboardInterrupt
Using dataset(s): wiki 
Dataset({
    features: ['id', 'url', 'title', 'text'],
    num_rows: 500
})
Preprocessed dataset: Dataset({
    features: ['input_ids', 'token_type_ids', 'attention_mask', 'overflow_to_sample_mapping'],
    num_rows: 78292
})
Process dataset time: 1.3294188976287842 seconds.
[0.47029048668873774, 0.42947500324868537]
[0.3378827912466867, 0.2948043516704014]
[0.2675250339043605, 0.24441961053904002]
[0.21932586563097967, 0.21035264761416944]
[0.18414236353589342, 0.18479557045094377]
Distillation time: 35.659424781799316 seconds.
Using dataset(s): wiki 
Dataset({
    features: ['id', 'url', 'title', 'text'],
    num_rows: 500
})
Preprocessed dataset: Dataset({
    features: ['input_ids', 'token_type_ids', 'attention_mask', 'overflow_to_sample_mapping'],
    num_rows: 78292
})
Process dataset time: 1.3783977031707764 seconds.
[0.47029048668873774, 0.42947500324868537]
[0.3378827912466867, 0.2948043516704014]
[0.2675250339043605, 0.24441961053904002]
[0.21932586563097967, 0.21035264761416944]
[0.18414236353589342, 0.18479557045094377]
Distillation time: 35.888087034225464 seconds.
/home/htse_umass_edu/.conda/envs/project4/lib/python3.9/site-packages/torch/utils/data/dataloader.py:558: UserWarning: This DataLoader will create 8 worker processes in total. Our suggested max number of worker in current system is 4, which is smaller than what this DataLoader is going to create. Please be aware that excessive worker creation might get DataLoader running slow or even freeze, lower the worker number to avoid potential slowness/freeze if necessary.
  warnings.warn(_create_warning_msg(
/home/htse_umass_edu/.conda/envs/project4/lib/python3.9/site-packages/torch/utils/data/dataloader.py:558: UserWarning: This DataLoader will create 8 worker processes in total. Our suggested max number of worker in current system is 4, which is smaller than what this DataLoader is going to create. Please be aware that excessive worker creation might get DataLoader running slow or even freeze, lower the worker number to avoid potential slowness/freeze if necessary.
  warnings.warn(_create_warning_msg(
Using dataset(s): wiki 
Dataset({
    features: ['id', 'url', 'title', 'text'],
    num_rows: 500
})
Preprocessed dataset: Dataset({
    features: ['input_ids', 'token_type_ids', 'attention_mask', 'overflow_to_sample_mapping'],
    num_rows: 78292
})
Process dataset time: 1.3132858276367188 seconds.
[0.47029048668873774, 0.42947500324868537]
[0.3378827912466867, 0.2948043516704014]
[0.2675250339043605, 0.24441961053904002]
[0.21932586563097967, 0.21035264761416944]
[0.18414236353589342, 0.18479557045094377]
Distillation time: 36.837111949920654 seconds.
Using dataset(s): wiki 
Dataset({
    features: ['id', 'url', 'title', 'text'],
    num_rows: 500
})
Preprocessed dataset: Dataset({
    features: ['input_ids', 'token_type_ids', 'attention_mask', 'overflow_to_sample_mapping'],
    num_rows: 78292
})
Process dataset time: 1.4175477027893066 seconds.
[0.47029048668873774, 0.42947500324868537]
[0.3378827912466867, 0.2948043516704014]
[0.2675250339043605, 0.24441961053904002]
[0.21932586563097967, 0.21035264761416944]
[0.18414236353589342, 0.18479557045094377]
Distillation time: 35.448875427246094 seconds.
Traceback (most recent call last):
  File "/work/pi_dhruveshpate_umass_edu/project_4/distillation/distillation.py", line 151, in <module>
    os.makedirs(exp_dir, exist_ok=False)
  File "/home/htse_umass_edu/.conda/envs/project4/lib/python3.9/os.py", line 225, in makedirs
    mkdir(name, mode)
FileExistsError: [Errno 17] File exists: 'experiments/test'
Using dataset(s): wiki 
Dataset({
    features: ['id', 'url', 'title', 'text'],
    num_rows: 500
})
Preprocessed dataset: Dataset({
    features: ['input_ids', 'token_type_ids', 'attention_mask', 'overflow_to_sample_mapping'],
    num_rows: 78292
})
Process dataset time: 1.2427427768707275 seconds.
[0.4154723584651947, 0.3678058619592704]
[0.26186661276162837, 0.236109288786751]
[0.18926554158622144, 0.18434233067471997]
[0.14520964279673457, 0.15100287232134077]
[0.11638711972369088, 0.1273273221320576]
Distillation time: 40.73761749267578 seconds.
Using dataset(s): wiki 
Dataset({
    features: ['id', 'url', 'title', 'text'],
    num_rows: 500
})
Preprocessed dataset: Dataset({
    features: ['input_ids', 'token_type_ids', 'attention_mask', 'overflow_to_sample_mapping'],
    num_rows: 78292
})
Process dataset time: 1.219789743423462 seconds.
[0.4154723584651947, 0.3678058619592704]
[0.26186661276162837, 0.236109288786751]
[0.18926554158622144, 0.18434233067471997]
[0.14520964279673457, 0.15100287232134077]
[0.11638711972369088, 0.1273273221320576]
Distillation time: 40.504491567611694 seconds.
Using dataset(s): wiki 
Dataset({
    features: ['id', 'url', 'title', 'text'],
    num_rows: 500
})
Preprocessed dataset: Dataset({
    features: ['input_ids', 'token_type_ids', 'attention_mask', 'overflow_to_sample_mapping'],
    num_rows: 78292
})
Process dataset time: 1.2558391094207764 seconds.
[0.4154723584651947, 0.3678058619592704]
[0.26186661276162837, 0.236109288786751]
[0.18926554158622144, 0.18434233067471997]
[0.14520964279673457, 0.15100287232134077]
[0.11638711972369088, 0.1273273221320576]
Distillation time: 40.98565149307251 seconds.
Using dataset(s): wiki 
Dataset({
    features: ['id', 'url', 'title', 'text'],
    num_rows: 500
})
Preprocessed dataset: Dataset({
    features: ['input_ids', 'token_type_ids', 'attention_mask', 'overflow_to_sample_mapping'],
    num_rows: 78292
})
Process dataset time: 1.3043296337127686 seconds.
[0.5206187077057667, 0.4993153084547092]
[0.40747366272486174, 0.3522619903087616]
[0.3484767247468997, 0.3054465750853221]
[0.3037292880889697, 0.2730879042393122]
[0.2681772326811766, 0.2480489134024351]
Distillation time: 34.04820895195007 seconds.
Using dataset(s): wiki 
Dataset({
    features: ['id', 'url', 'title', 'text'],
    num_rows: 500
})
Preprocessed dataset: Dataset({
    features: ['input_ids', 'token_type_ids', 'attention_mask', 'overflow_to_sample_mapping'],
    num_rows: 78292
})
Process dataset time: 1.4111793041229248 seconds.
[0.5206187077057667, 0.4993153084547092]
[0.40747366272486174, 0.3522619903087616]
[0.3484767247468997, 0.3054465750853221]
[0.3037292880889697, 0.2730879042393122]
[0.2681772326811766, 0.2480489134024351]
Distillation time: 34.14264702796936 seconds.
Using dataset(s): wiki 
Dataset({
    features: ['id', 'url', 'title', 'text'],
    num_rows: 500
})
Preprocessed dataset: Dataset({
    features: ['input_ids', 'token_type_ids', 'attention_mask', 'overflow_to_sample_mapping'],
    num_rows: 78292
})
Process dataset time: 1.2993407249450684 seconds.
[0.5206187077057667, 0.4993153084547092]
[0.40747366272486174, 0.3522619903087616]
[0.3484767247468997, 0.3054465750853221]
[0.3037292880889697, 0.2730879042393122]
[0.2681772326811766, 0.2480489134024351]
Distillation time: 34.49971389770508 seconds.
Using dataset(s): wiki 
Dataset({
    features: ['id', 'url', 'title', 'text'],
    num_rows: 500
})
Preprocessed dataset: Dataset({
    features: ['input_ids', 'token_type_ids', 'attention_mask', 'overflow_to_sample_mapping'],
    num_rows: 78292
})
Process dataset time: 1.2885158061981201 seconds.
[0.49826078369932353, 0.4664637013426367]
[0.3775476076692905, 0.32668302194127496]
[0.31265706611129473, 0.2782208638371162]
[0.26556278090432006, 0.24491676772540472]
[0.22938267408676868, 0.21938488983883048]
Distillation time: 34.75124430656433 seconds.
Using dataset(s): wiki 
Dataset({
    features: ['id', 'url', 'title', 'text'],
    num_rows: 500
})
Preprocessed dataset: Dataset({
    features: ['input_ids', 'token_type_ids', 'attention_mask', 'overflow_to_sample_mapping'],
    num_rows: 78292
})
Process dataset time: 1.3368721008300781 seconds.
[0.5692134916782379, 0.5803803011775017]
[0.4644070744514465, 0.4109132170677185]
[0.418678018450737, 0.36324627995491027]
[0.3830604895949364, 0.3333740338683128]
[0.35284125804901123, 0.3102777525782585]
Distillation time: 34.69846248626709 seconds.
